<?xml version="1.0" encoding="UTF-8"?>
<!-- Generated by org.testng.reporters.JUnitReportReporter -->
<testsuite hostname="LAPTOP-E49GIO4I" failures="0" tests="1" name="runner.TestRunner" time="4.650" errors="0" timestamp="2025-02-19T14:44:54 EST" skipped="0">
  <testcase classname="runner.TestRunner" name="runScenario" time="4.650"/>
</testsuite> <!-- runner.TestRunner -->
